This file contains any messages produced by compilers while
running configure, to aid debugging if configure makes a mistake.

It was created by configure, which was
generated by GNU Autoconf 2.69.  Invocation command line was

  $ ./configure 

## --------- ##
## Platform. ##
## --------- ##

hostname = raspberrypi
uname -m = armv7l
uname -r = 4.4.34-v7+
uname -s = Linux
uname -v = #930 SMP Wed Nov 23 15:20:41 GMT 2016

/usr/bin/uname -p = unknown
/bin/uname -X     = unknown

/bin/arch              = unknown
/usr/bin/arch -k       = unknown
/usr/convex/getsysinfo = unknown
/usr/bin/hostinfo      = unknown
/bin/machine           = unknown
/usr/bin/oslevel       = unknown
/bin/universe          = unknown

PATH: /usr/local/sbin
PATH: /usr/local/bin
PATH: /usr/sbin
PATH: /usr/bin
PATH: /sbin
PATH: /bin


## ----------- ##
## Core tests. ##
## ----------- ##

configure:2293: checking for a BSD-compatible install
configure:2361: result: /usr/bin/install -c
configure:2372: checking whether build environment is sane
configure:2427: result: yes
configure:2578: checking for a thread-safe mkdir -p
configure:2617: result: /bin/mkdir -p
configure:2624: checking for gawk
configure:2654: result: no
configure:2624: checking for mawk
configure:2640: found /usr/bin/mawk
configure:2651: result: mawk
configure:2662: checking whether make sets $(MAKE)
configure:2684: result: yes
configure:2713: checking whether make supports nested variables
configure:2730: result: yes
configure:2931: checking for g++
configure:2947: found /usr/bin/g++
configure:2958: result: g++
configure:2985: checking for C++ compiler version
configure:2994: g++ --version >&5
g++ (Raspbian 4.9.2-10) 4.9.2
Copyright (C) 2014 Free Software Foundation, Inc.
This is free software; see the source for copying conditions.  There is NO
warranty; not even for MERCHANTABILITY or FITNESS FOR A PARTICULAR PURPOSE.

configure:3005: $? = 0
configure:2994: g++ -v >&5
Using built-in specs.
COLLECT_GCC=g++
COLLECT_LTO_WRAPPER=/usr/lib/gcc/arm-linux-gnueabihf/4.9/lto-wrapper
Target: arm-linux-gnueabihf
Configured with: ../src/configure -v --with-pkgversion='Raspbian 4.9.2-10' --with-bugurl=file:///usr/share/doc/gcc-4.9/README.Bugs --enable-languages=c,c++,java,go,d,fortran,objc,obj-c++ --prefix=/usr --program-suffix=-4.9 --enable-shared --enable-linker-build-id --libexecdir=/usr/lib --without-included-gettext --enable-threads=posix --with-gxx-include-dir=/usr/include/c++/4.9 --libdir=/usr/lib --enable-nls --with-sysroot=/ --enable-clocale=gnu --enable-libstdcxx-debug --enable-libstdcxx-time=yes --enable-gnu-unique-object --disable-libitm --disable-libquadmath --enable-plugin --with-system-zlib --disable-browser-plugin --enable-java-awt=gtk --enable-gtk-cairo --with-java-home=/usr/lib/jvm/java-1.5.0-gcj-4.9-armhf/jre --enable-java-home --with-jvm-root-dir=/usr/lib/jvm/java-1.5.0-gcj-4.9-armhf --with-jvm-jar-dir=/usr/lib/jvm-exports/java-1.5.0-gcj-4.9-armhf --with-arch-directory=arm --with-ecj-jar=/usr/share/java/eclipse-ecj.jar --enable-objc-gc --enable-multiarch --disable-sjlj-exceptions --with-arch=armv6 --with-fpu=vfp --with-float=hard --enable-checking=release --build=arm-linux-gnueabihf --host=arm-linux-gnueabihf --target=arm-linux-gnueabihf
Thread model: posix
gcc version 4.9.2 (Raspbian 4.9.2-10) 
configure:3005: $? = 0
configure:2994: g++ -V >&5
g++: error: unrecognized command line option '-V'
g++: fatal error: no input files
compilation terminated.
configure:3005: $? = 4
configure:2994: g++ -qversion >&5
g++: error: unrecognized command line option '-qversion'
g++: fatal error: no input files
compilation terminated.
configure:3005: $? = 4
configure:3025: checking whether the C++ compiler works
configure:3047: g++  -g -O2   conftest.cpp  >&5
configure:3051: $? = 0
configure:3099: result: yes
configure:3102: checking for C++ compiler default output file name
configure:3104: result: a.out
configure:3110: checking for suffix of executables
configure:3117: g++ -o conftest  -g -O2   conftest.cpp  >&5
configure:3121: $? = 0
configure:3143: result: 
configure:3165: checking whether we are cross compiling
configure:3173: g++ -o conftest  -g -O2   conftest.cpp  >&5
configure:3177: $? = 0
configure:3184: ./conftest
configure:3188: $? = 0
configure:3203: result: no
configure:3208: checking for suffix of object files
configure:3230: g++ -c  -g -O2  conftest.cpp >&5
configure:3234: $? = 0
configure:3255: result: o
configure:3259: checking whether we are using the GNU C++ compiler
configure:3278: g++ -c  -g -O2  conftest.cpp >&5
configure:3278: $? = 0
configure:3287: result: yes
configure:3296: checking whether g++ accepts -g
configure:3316: g++ -c -g  conftest.cpp >&5
configure:3316: $? = 0
configure:3357: result: yes
configure:3391: checking for style of include used by make
configure:3419: result: GNU
configure:3445: checking dependency style of g++
configure:3556: result: gcc3
configure:3600: checking build system type
configure:3614: result: armv7l-unknown-linux-gnueabihf
configure:3634: checking host system type
configure:3647: result: armv7l-unknown-linux-gnueabihf
configure:3688: checking how to print strings
configure:3715: result: printf
configure:3784: checking for gcc
configure:3800: found /usr/bin/gcc
configure:3811: result: gcc
configure:4040: checking for C compiler version
configure:4049: gcc --version >&5
gcc (Raspbian 4.9.2-10) 4.9.2
Copyright (C) 2014 Free Software Foundation, Inc.
This is free software; see the source for copying conditions.  There is NO
warranty; not even for MERCHANTABILITY or FITNESS FOR A PARTICULAR PURPOSE.

configure:4060: $? = 0
configure:4049: gcc -v >&5
Using built-in specs.
COLLECT_GCC=gcc
COLLECT_LTO_WRAPPER=/usr/lib/gcc/arm-linux-gnueabihf/4.9/lto-wrapper
Target: arm-linux-gnueabihf
Configured with: ../src/configure -v --with-pkgversion='Raspbian 4.9.2-10' --with-bugurl=file:///usr/share/doc/gcc-4.9/README.Bugs --enable-languages=c,c++,java,go,d,fortran,objc,obj-c++ --prefix=/usr --program-suffix=-4.9 --enable-shared --enable-linker-build-id --libexecdir=/usr/lib --without-included-gettext --enable-threads=posix --with-gxx-include-dir=/usr/include/c++/4.9 --libdir=/usr/lib --enable-nls --with-sysroot=/ --enable-clocale=gnu --enable-libstdcxx-debug --enable-libstdcxx-time=yes --enable-gnu-unique-object --disable-libitm --disable-libquadmath --enable-plugin --with-system-zlib --disable-browser-plugin --enable-java-awt=gtk --enable-gtk-cairo --with-java-home=/usr/lib/jvm/java-1.5.0-gcj-4.9-armhf/jre --enable-java-home --with-jvm-root-dir=/usr/lib/jvm/java-1.5.0-gcj-4.9-armhf --with-jvm-jar-dir=/usr/lib/jvm-exports/java-1.5.0-gcj-4.9-armhf --with-arch-directory=arm --with-ecj-jar=/usr/share/java/eclipse-ecj.jar --enable-objc-gc --enable-multiarch --disable-sjlj-exceptions --with-arch=armv6 --with-fpu=vfp --with-float=hard --enable-checking=release --build=arm-linux-gnueabihf --host=arm-linux-gnueabihf --target=arm-linux-gnueabihf
Thread model: posix
gcc version 4.9.2 (Raspbian 4.9.2-10) 
configure:4060: $? = 0
configure:4049: gcc -V >&5
gcc: error: unrecognized command line option '-V'
gcc: fatal error: no input files
compilation terminated.
configure:4060: $? = 4
configure:4049: gcc -qversion >&5
gcc: error: unrecognized command line option '-qversion'
gcc: fatal error: no input files
compilation terminated.
configure:4060: $? = 4
configure:4064: checking whether we are using the GNU C compiler
configure:4083: gcc -c   conftest.c >&5
configure:4083: $? = 0
configure:4092: result: yes
configure:4101: checking whether gcc accepts -g
configure:4121: gcc -c -g  conftest.c >&5
configure:4121: $? = 0
configure:4162: result: yes
configure:4179: checking for gcc option to accept ISO C89
configure:4242: gcc  -c -g -O2  conftest.c >&5
configure:4242: $? = 0
configure:4255: result: none needed
configure:4280: checking whether gcc understands -c and -o together
configure:4302: gcc -c conftest.c -o conftest2.o
configure:4305: $? = 0
configure:4302: gcc -c conftest.c -o conftest2.o
configure:4305: $? = 0
configure:4317: result: yes
configure:4336: checking dependency style of gcc
configure:4447: result: gcc3
configure:4462: checking for a sed that does not truncate output
configure:4526: result: /bin/sed
configure:4544: checking for grep that handles long lines and -e
configure:4602: result: /bin/grep
configure:4607: checking for egrep
configure:4669: result: /bin/grep -E
configure:4674: checking for fgrep
configure:4736: result: /bin/grep -F
configure:4771: checking for ld used by gcc
configure:4838: result: /usr/bin/ld
configure:4845: checking if the linker (/usr/bin/ld) is GNU ld
configure:4860: result: yes
configure:4872: checking for BSD- or MS-compatible name lister (nm)
configure:4921: result: /usr/bin/nm -B
configure:5051: checking the name lister (/usr/bin/nm -B) interface
configure:5058: g++ -c  -g -O2  conftest.cpp >&5
configure:5061: /usr/bin/nm -B "conftest.o"
configure:5064: output
00000000 B some_variable
configure:5071: result: BSD nm
configure:5074: checking whether ln -s works
configure:5078: result: yes
configure:5086: checking the maximum length of command line arguments
configure:5217: result: 1572864
configure:5234: checking whether the shell understands some XSI constructs
configure:5244: result: yes
configure:5248: checking whether the shell understands "+="
configure:5254: result: yes
configure:5289: checking how to convert armv7l-unknown-linux-gnueabihf file names to armv7l-unknown-linux-gnueabihf format
configure:5329: result: func_convert_file_noop
configure:5336: checking how to convert armv7l-unknown-linux-gnueabihf file names to toolchain format
configure:5356: result: func_convert_file_noop
configure:5363: checking for /usr/bin/ld option to reload object files
configure:5370: result: -r
configure:5444: checking for objdump
configure:5460: found /usr/bin/objdump
configure:5471: result: objdump
configure:5503: checking how to recognize dependent libraries
configure:5701: result: pass_all
configure:5786: checking for dlltool
configure:5816: result: no
configure:5846: checking how to associate runtime and link libraries
configure:5873: result: printf %s\n
configure:5934: checking for ar
configure:5950: found /usr/bin/ar
configure:5961: result: ar
configure:5998: checking for archiver @FILE support
configure:6015: g++ -c  -g -O2  conftest.cpp >&5
configure:6015: $? = 0
configure:6018: ar cru libconftest.a @conftest.lst >&5
configure:6021: $? = 0
configure:6026: ar cru libconftest.a @conftest.lst >&5
ar: conftest.o: No such file or directory
configure:6029: $? = 1
configure:6041: result: @
configure:6099: checking for strip
configure:6115: found /usr/bin/strip
configure:6126: result: strip
configure:6198: checking for ranlib
configure:6214: found /usr/bin/ranlib
configure:6225: result: ranlib
configure:6327: checking command to parse /usr/bin/nm -B output from gcc object
configure:6447: g++ -c  -g -O2  conftest.cpp >&5
configure:6450: $? = 0
configure:6454: /usr/bin/nm -B conftest.o \| sed -n -e 's/^.*[ ]\([ABCDGIRSTW][ABCDGIRSTW]*\)[ ][ ]*\([_A-Za-z][_A-Za-z0-9]*\)$/\1 \2 \2/p' | sed '/ __gnu_lto/d' \> conftest.nm
configure:6457: $? = 0
configure:6523: g++ -o conftest  -g -O2   conftest.cpp conftstm.o >&5
configure:6526: $? = 0
configure:6564: result: ok
configure:6601: checking for sysroot
configure:6631: result: no
configure:6901: checking for mt
configure:6917: found /bin/mt
configure:6928: result: mt
configure:6951: checking if mt is a manifest tool
configure:6957: mt '-?'
configure:6965: result: no
configure:7607: checking how to run the C preprocessor
configure:7638: gcc -E  conftest.c
configure:7638: $? = 0
configure:7652: gcc -E  conftest.c
conftest.c:11:28: fatal error: ac_nonexistent.h: No such file or directory
 #include <ac_nonexistent.h>
                            ^
compilation terminated.
configure:7652: $? = 1
configure: failed program was:
| /* confdefs.h */
| #define PACKAGE_NAME ""
| #define PACKAGE_TARNAME ""
| #define PACKAGE_VERSION ""
| #define PACKAGE_STRING ""
| #define PACKAGE_BUGREPORT ""
| #define PACKAGE_URL ""
| #define PACKAGE "orkbase"
| #define VERSION "1.0"
| /* end confdefs.h.  */
| #include <ac_nonexistent.h>
configure:7677: result: gcc -E
configure:7697: gcc -E  conftest.c
configure:7697: $? = 0
configure:7711: gcc -E  conftest.c
conftest.c:11:28: fatal error: ac_nonexistent.h: No such file or directory
 #include <ac_nonexistent.h>
                            ^
compilation terminated.
configure:7711: $? = 1
configure: failed program was:
| /* confdefs.h */
| #define PACKAGE_NAME ""
| #define PACKAGE_TARNAME ""
| #define PACKAGE_VERSION ""
| #define PACKAGE_STRING ""
| #define PACKAGE_BUGREPORT ""
| #define PACKAGE_URL ""
| #define PACKAGE "orkbase"
| #define VERSION "1.0"
| /* end confdefs.h.  */
| #include <ac_nonexistent.h>
configure:7740: checking for ANSI C header files
configure:7760: gcc -c -g -O2  conftest.c >&5
configure:7760: $? = 0
configure:7833: gcc -o conftest -g -O2   conftest.c  >&5
configure:7833: $? = 0
configure:7833: ./conftest
configure:7833: $? = 0
configure:7844: result: yes
configure:7857: checking for sys/types.h
configure:7857: gcc -c -g -O2  conftest.c >&5
configure:7857: $? = 0
configure:7857: result: yes
configure:7857: checking for sys/stat.h
configure:7857: gcc -c -g -O2  conftest.c >&5
configure:7857: $? = 0
configure:7857: result: yes
configure:7857: checking for stdlib.h
configure:7857: gcc -c -g -O2  conftest.c >&5
configure:7857: $? = 0
configure:7857: result: yes
configure:7857: checking for string.h
configure:7857: gcc -c -g -O2  conftest.c >&5
configure:7857: $? = 0
configure:7857: result: yes
configure:7857: checking for memory.h
configure:7857: gcc -c -g -O2  conftest.c >&5
configure:7857: $? = 0
configure:7857: result: yes
configure:7857: checking for strings.h
configure:7857: gcc -c -g -O2  conftest.c >&5
configure:7857: $? = 0
configure:7857: result: yes
configure:7857: checking for inttypes.h
configure:7857: gcc -c -g -O2  conftest.c >&5
configure:7857: $? = 0
configure:7857: result: yes
configure:7857: checking for stdint.h
configure:7857: gcc -c -g -O2  conftest.c >&5
configure:7857: $? = 0
configure:7857: result: yes
configure:7857: checking for unistd.h
configure:7857: gcc -c -g -O2  conftest.c >&5
configure:7857: $? = 0
configure:7857: result: yes
configure:7871: checking for dlfcn.h
configure:7871: gcc -c -g -O2  conftest.c >&5
configure:7871: $? = 0
configure:7871: result: yes
configure:8087: checking for objdir
configure:8102: result: .libs
configure:8369: checking if gcc supports -fno-rtti -fno-exceptions
configure:8387: gcc -c -g -O2  -fno-rtti -fno-exceptions conftest.c >&5
cc1: warning: command line option '-fno-rtti' is valid for C++/ObjC++ but not for C
configure:8391: $? = 0
configure:8404: result: no
configure:8731: checking for gcc option to produce PIC
configure:8738: result: -fPIC -DPIC
configure:8746: checking if gcc PIC flag -fPIC -DPIC works
configure:8764: gcc -c -g -O2  -fPIC -DPIC -DPIC conftest.c >&5
configure:8768: $? = 0
configure:8781: result: yes
configure:8810: checking if gcc static flag -static works
configure:8838: result: yes
configure:8853: checking if gcc supports -c -o file.o
configure:8874: gcc -c -g -O2  -o out/conftest2.o conftest.c >&5
configure:8878: $? = 0
configure:8900: result: yes
configure:8908: checking if gcc supports -c -o file.o
configure:8955: result: yes
configure:8988: checking whether the gcc linker (/usr/bin/ld) supports shared libraries
configure:10145: result: yes
configure:10182: checking whether -lc should be explicitly linked in
configure:10190: gcc -c -g -O2  conftest.c >&5
configure:10193: $? = 0
configure:10208: gcc -shared  -fPIC -DPIC conftest.o  -v -Wl,-soname -Wl,conftest -o conftest 2\>\&1 \| /bin/grep  -lc  \>/dev/null 2\>\&1
configure:10211: $? = 0
configure:10225: result: no
configure:10385: checking dynamic linker characteristics
configure:10885: gcc -o conftest -g -O2   -Wl,-rpath -Wl,/foo conftest.c  >&5
configure:10885: $? = 0
configure:11119: result: GNU/Linux ld.so
configure:11226: checking how to hardcode library paths into programs
configure:11251: result: immediate
configure:11791: checking whether stripping libraries is possible
configure:11796: result: yes
configure:11831: checking if libtool supports shared libraries
configure:11833: result: yes
configure:11836: checking whether to build shared libraries
configure:11857: result: yes
configure:11860: checking whether to build static libraries
configure:11864: result: yes
configure:11887: checking how to run the C++ preprocessor
configure:11914: g++ -E  conftest.cpp
configure:11914: $? = 0
configure:11928: g++ -E  conftest.cpp
conftest.cpp:23:28: fatal error: ac_nonexistent.h: No such file or directory
 #include <ac_nonexistent.h>
                            ^
compilation terminated.
configure:11928: $? = 1
configure: failed program was:
| /* confdefs.h */
| #define PACKAGE_NAME ""
| #define PACKAGE_TARNAME ""
| #define PACKAGE_VERSION ""
| #define PACKAGE_STRING ""
| #define PACKAGE_BUGREPORT ""
| #define PACKAGE_URL ""
| #define PACKAGE "orkbase"
| #define VERSION "1.0"
| #define STDC_HEADERS 1
| #define HAVE_SYS_TYPES_H 1
| #define HAVE_SYS_STAT_H 1
| #define HAVE_STDLIB_H 1
| #define HAVE_STRING_H 1
| #define HAVE_MEMORY_H 1
| #define HAVE_STRINGS_H 1
| #define HAVE_INTTYPES_H 1
| #define HAVE_STDINT_H 1
| #define HAVE_UNISTD_H 1
| #define HAVE_DLFCN_H 1
| #define LT_OBJDIR ".libs/"
| /* end confdefs.h.  */
| #include <ac_nonexistent.h>
configure:11953: result: g++ -E
configure:11973: g++ -E  conftest.cpp
configure:11973: $? = 0
configure:11987: g++ -E  conftest.cpp
conftest.cpp:23:28: fatal error: ac_nonexistent.h: No such file or directory
 #include <ac_nonexistent.h>
                            ^
compilation terminated.
configure:11987: $? = 1
configure: failed program was:
| /* confdefs.h */
| #define PACKAGE_NAME ""
| #define PACKAGE_TARNAME ""
| #define PACKAGE_VERSION ""
| #define PACKAGE_STRING ""
| #define PACKAGE_BUGREPORT ""
| #define PACKAGE_URL ""
| #define PACKAGE "orkbase"
| #define VERSION "1.0"
| #define STDC_HEADERS 1
| #define HAVE_SYS_TYPES_H 1
| #define HAVE_SYS_STAT_H 1
| #define HAVE_STDLIB_H 1
| #define HAVE_STRING_H 1
| #define HAVE_MEMORY_H 1
| #define HAVE_STRINGS_H 1
| #define HAVE_INTTYPES_H 1
| #define HAVE_STDINT_H 1
| #define HAVE_UNISTD_H 1
| #define HAVE_DLFCN_H 1
| #define LT_OBJDIR ".libs/"
| /* end confdefs.h.  */
| #include <ac_nonexistent.h>
configure:12156: checking for ld used by g++
configure:12223: result: /usr/bin/ld
configure:12230: checking if the linker (/usr/bin/ld) is GNU ld
configure:12245: result: yes
configure:12300: checking whether the g++ linker (/usr/bin/ld) supports shared libraries
configure:13302: result: yes
configure:13338: g++ -c  -g -O2  conftest.cpp >&5
configure:13341: $? = 0
configure:13861: checking for g++ option to produce PIC
configure:13868: result: -fPIC -DPIC
configure:13876: checking if g++ PIC flag -fPIC -DPIC works
configure:13894: g++ -c  -g -O2  -fPIC -DPIC -DPIC conftest.cpp >&5
configure:13898: $? = 0
configure:13911: result: yes
configure:13934: checking if g++ static flag -static works
configure:13962: result: yes
configure:13974: checking if g++ supports -c -o file.o
configure:13995: g++ -c  -g -O2  -o out/conftest2.o conftest.cpp >&5
configure:13999: $? = 0
configure:14021: result: yes
configure:14026: checking if g++ supports -c -o file.o
configure:14073: result: yes
configure:14103: checking whether the g++ linker (/usr/bin/ld) supports shared libraries
configure:14142: result: yes
configure:14283: checking dynamic linker characteristics
configure:14951: result: GNU/Linux ld.so
configure:15004: checking how to hardcode library paths into programs
configure:15029: result: immediate
configure:15201: checking that generated files are newer than configure
configure:15207: result: done
configure:15234: creating ./config.status

## ---------------------- ##
## Running config.status. ##
## ---------------------- ##

This file was extended by config.status, which was
generated by GNU Autoconf 2.69.  Invocation command line was

  CONFIG_FILES    = 
  CONFIG_HEADERS  = 
  CONFIG_LINKS    = 
  CONFIG_COMMANDS = 
  $ ./config.status 

on raspberrypi

config.status:1156: creating Makefile
config.status:1156: creating messages/Makefile
config.status:1156: creating serializers/Makefile
config.status:1156: creating audiofile/Makefile
config.status:1156: creating filters/Makefile
config.status:1156: creating filters/gsm/Makefile
config.status:1156: creating filters/gsm/gsm610/Makefile
config.status:1156: creating filters/ilbc/Makefile
config.status:1156: creating filters/ilbc/ilbc/Makefile
config.status:1156: creating filters/audiogain/Makefile
config.status:1156: creating filters/g722codec/Makefile
config.status:1156: creating filters/speex/Makefile
config.status:1156: creating filters/g726codecs/Makefile
config.status:1156: creating filters/g726codecs/g72x/Makefile
config.status:1156: creating config.h
config.status:1385: executing depfiles commands
config.status:1385: executing libtool commands

## ---------------- ##
## Cache variables. ##
## ---------------- ##

ac_cv_build=armv7l-unknown-linux-gnueabihf
ac_cv_c_compiler_gnu=yes
ac_cv_cxx_compiler_gnu=yes
ac_cv_env_CCC_set=
ac_cv_env_CCC_value=
ac_cv_env_CC_set=
ac_cv_env_CC_value=
ac_cv_env_CFLAGS_set=
ac_cv_env_CFLAGS_value=
ac_cv_env_CPPFLAGS_set=
ac_cv_env_CPPFLAGS_value=
ac_cv_env_CPP_set=
ac_cv_env_CPP_value=
ac_cv_env_CXXCPP_set=
ac_cv_env_CXXCPP_value=
ac_cv_env_CXXFLAGS_set=
ac_cv_env_CXXFLAGS_value=
ac_cv_env_CXX_set=
ac_cv_env_CXX_value=
ac_cv_env_LDFLAGS_set=
ac_cv_env_LDFLAGS_value=
ac_cv_env_LIBS_set=
ac_cv_env_LIBS_value=
ac_cv_env_build_alias_set=
ac_cv_env_build_alias_value=
ac_cv_env_host_alias_set=
ac_cv_env_host_alias_value=
ac_cv_env_target_alias_set=
ac_cv_env_target_alias_value=
ac_cv_header_dlfcn_h=yes
ac_cv_header_inttypes_h=yes
ac_cv_header_memory_h=yes
ac_cv_header_stdc=yes
ac_cv_header_stdint_h=yes
ac_cv_header_stdlib_h=yes
ac_cv_header_string_h=yes
ac_cv_header_strings_h=yes
ac_cv_header_sys_stat_h=yes
ac_cv_header_sys_types_h=yes
ac_cv_header_unistd_h=yes
ac_cv_host=armv7l-unknown-linux-gnueabihf
ac_cv_objext=o
ac_cv_path_EGREP='/bin/grep -E'
ac_cv_path_FGREP='/bin/grep -F'
ac_cv_path_GREP=/bin/grep
ac_cv_path_SED=/bin/sed
ac_cv_path_install='/usr/bin/install -c'
ac_cv_path_mkdir=/bin/mkdir
ac_cv_prog_AWK=mawk
ac_cv_prog_CPP='gcc -E'
ac_cv_prog_CXXCPP='g++ -E'
ac_cv_prog_ac_ct_AR=ar
ac_cv_prog_ac_ct_CC=gcc
ac_cv_prog_ac_ct_CXX=g++
ac_cv_prog_ac_ct_MANIFEST_TOOL=mt
ac_cv_prog_ac_ct_OBJDUMP=objdump
ac_cv_prog_ac_ct_RANLIB=ranlib
ac_cv_prog_ac_ct_STRIP=strip
ac_cv_prog_cc_c89=
ac_cv_prog_cc_g=yes
ac_cv_prog_cxx_g=yes
ac_cv_prog_make_make_set=yes
am_cv_CC_dependencies_compiler_type=gcc3
am_cv_CXX_dependencies_compiler_type=gcc3
am_cv_make_support_nested_variables=yes
am_cv_prog_cc_c_o=yes
lt_cv_ar_at_file=@
lt_cv_archive_cmds_need_lc=no
lt_cv_deplibs_check_method=pass_all
lt_cv_file_magic_cmd='$MAGIC_CMD'
lt_cv_file_magic_test_file=
lt_cv_ld_reload_flag=-r
lt_cv_nm_interface='BSD nm'
lt_cv_objdir=.libs
lt_cv_path_LD=/usr/bin/ld
lt_cv_path_LDCXX=/usr/bin/ld
lt_cv_path_NM='/usr/bin/nm -B'
lt_cv_path_mainfest_tool=no
lt_cv_prog_compiler_c_o=yes
lt_cv_prog_compiler_c_o_CXX=yes
lt_cv_prog_compiler_pic='-fPIC -DPIC'
lt_cv_prog_compiler_pic_CXX='-fPIC -DPIC'
lt_cv_prog_compiler_pic_works=yes
lt_cv_prog_compiler_pic_works_CXX=yes
lt_cv_prog_compiler_rtti_exceptions=no
lt_cv_prog_compiler_static_works=yes
lt_cv_prog_compiler_static_works_CXX=yes
lt_cv_prog_gnu_ld=yes
lt_cv_prog_gnu_ldcxx=yes
lt_cv_sharedlib_from_linklib_cmd='printf %s\n'
lt_cv_shlibpath_overrides_runpath=no
lt_cv_sys_global_symbol_pipe='sed -n -e '\''s/^.*[	 ]\([ABCDGIRSTW][ABCDGIRSTW]*\)[	 ][	 ]*\([_A-Za-z][_A-Za-z0-9]*\)$/\1 \2 \2/p'\'' | sed '\''/ __gnu_lto/d'\'''
lt_cv_sys_global_symbol_to_c_name_address='sed -n -e '\''s/^: \([^ ]*\)[ ]*$/  {\"\1\", (void *) 0},/p'\'' -e '\''s/^[ABCDGIRSTW]* \([^ ]*\) \([^ ]*\)$/  {"\2", (void *) \&\2},/p'\'''
lt_cv_sys_global_symbol_to_c_name_address_lib_prefix='sed -n -e '\''s/^: \([^ ]*\)[ ]*$/  {\"\1\", (void *) 0},/p'\'' -e '\''s/^[ABCDGIRSTW]* \([^ ]*\) \(lib[^ ]*\)$/  {"\2", (void *) \&\2},/p'\'' -e '\''s/^[ABCDGIRSTW]* \([^ ]*\) \([^ ]*\)$/  {"lib\2", (void *) \&\2},/p'\'''
lt_cv_sys_global_symbol_to_cdecl='sed -n -e '\''s/^T .* \(.*\)$/extern int \1();/p'\'' -e '\''s/^[ABCDGIRSTW]* .* \(.*\)$/extern char \1;/p'\'''
lt_cv_sys_max_cmd_len=1572864
lt_cv_to_host_file_cmd=func_convert_file_noop
lt_cv_to_tool_file_cmd=func_convert_file_noop

## ----------------- ##
## Output variables. ##
## ----------------- ##

ACLOCAL='${SHELL} /home/pi/oreka-svn/orkbasecxx/missing aclocal-1.14'
AMDEPBACKSLASH='\'
AMDEP_FALSE='#'
AMDEP_TRUE=''
AMTAR='$${TAR-tar}'
AM_BACKSLASH='\'
AM_DEFAULT_V='$(AM_DEFAULT_VERBOSITY)'
AM_DEFAULT_VERBOSITY='1'
AM_V='$(V)'
AR='ar'
AUTOCONF='${SHELL} /home/pi/oreka-svn/orkbasecxx/missing autoconf'
AUTOHEADER='${SHELL} /home/pi/oreka-svn/orkbasecxx/missing autoheader'
AUTOMAKE='${SHELL} /home/pi/oreka-svn/orkbasecxx/missing automake-1.14'
AWK='mawk'
CC='gcc'
CCDEPMODE='depmode=gcc3'
CFLAGS='-g -O2'
CPP='gcc -E'
CPPFLAGS=''
CXX='g++'
CXXCPP='g++ -E'
CXXDEPMODE='depmode=gcc3'
CXXFLAGS=' -g -O2'
CYGPATH_W='echo'
DEFS='-DHAVE_CONFIG_H'
DEPDIR='.deps'
DLLTOOL='false'
DSYMUTIL=''
DUMPBIN=''
ECHO_C=''
ECHO_N='-n'
ECHO_T=''
EGREP='/bin/grep -E'
EXEEXT=''
FGREP='/bin/grep -F'
GREP='/bin/grep'
INSTALL_DATA='${INSTALL} -m 644'
INSTALL_PROGRAM='${INSTALL}'
INSTALL_SCRIPT='${INSTALL}'
INSTALL_STRIP_PROGRAM='$(install_sh) -c -s'
LD='/usr/bin/ld'
LDFLAGS=''
LIBOBJS=''
LIBS=''
LIBTOOL='$(SHELL) $(top_builddir)/libtool'
LIPO=''
LN_S='ln -s'
LTLIBOBJS=''
MAKEINFO='${SHELL} /home/pi/oreka-svn/orkbasecxx/missing makeinfo'
MANIFEST_TOOL=':'
MKDIR_P='/bin/mkdir -p'
NM='/usr/bin/nm -B'
NMEDIT=''
OBJDUMP='objdump'
OBJEXT='o'
OTOOL64=''
OTOOL=''
PACKAGE='orkbase'
PACKAGE_BUGREPORT=''
PACKAGE_NAME=''
PACKAGE_STRING=''
PACKAGE_TARNAME=''
PACKAGE_URL=''
PACKAGE_VERSION=''
PATH_SEPARATOR=':'
RANLIB='ranlib'
SED='/bin/sed'
SET_MAKE=''
SHELL='/bin/bash'
STRIP='strip'
VERSION='1.0'
ac_ct_AR='ar'
ac_ct_CC='gcc'
ac_ct_CXX='g++'
ac_ct_DUMPBIN=''
am__EXEEXT_FALSE=''
am__EXEEXT_TRUE='#'
am__fastdepCC_FALSE='#'
am__fastdepCC_TRUE=''
am__fastdepCXX_FALSE='#'
am__fastdepCXX_TRUE=''
am__include='include'
am__isrc=''
am__leading_dot='.'
am__nodep='_no'
am__quote=''
am__tar='$${TAR-tar} chof - "$$tardir"'
am__untar='$${TAR-tar} xf -'
bindir='${exec_prefix}/bin'
build='armv7l-unknown-linux-gnueabihf'
build_alias=''
build_cpu='armv7l'
build_os='linux-gnueabihf'
build_vendor='unknown'
datadir='${datarootdir}'
datarootdir='${prefix}/share'
docdir='${datarootdir}/doc/${PACKAGE}'
dvidir='${docdir}'
exec_prefix='${prefix}'
host='armv7l-unknown-linux-gnueabihf'
host_alias=''
host_cpu='armv7l'
host_os='linux-gnueabihf'
host_vendor='unknown'
htmldir='${docdir}'
includedir='${prefix}/include'
infodir='${datarootdir}/info'
install_sh='${SHELL} /home/pi/oreka-svn/orkbasecxx/install-sh'
libdir='${exec_prefix}/lib'
libexecdir='${exec_prefix}/libexec'
localedir='${datarootdir}/locale'
localstatedir='${prefix}/var'
mandir='${datarootdir}/man'
mkdir_p='$(MKDIR_P)'
oldincludedir='/usr/include'
pdfdir='${docdir}'
prefix='/usr'
program_transform_name='s,x,x,'
psdir='${docdir}'
sbindir='${exec_prefix}/sbin'
sharedstatedir='${prefix}/com'
sysconfdir='${prefix}/etc'
target_alias=''

## ----------- ##
## confdefs.h. ##
## ----------- ##

/* confdefs.h */
#define PACKAGE_NAME ""
#define PACKAGE_TARNAME ""
#define PACKAGE_VERSION ""
#define PACKAGE_STRING ""
#define PACKAGE_BUGREPORT ""
#define PACKAGE_URL ""
#define PACKAGE "orkbase"
#define VERSION "1.0"
#define STDC_HEADERS 1
#define HAVE_SYS_TYPES_H 1
#define HAVE_SYS_STAT_H 1
#define HAVE_STDLIB_H 1
#define HAVE_STRING_H 1
#define HAVE_MEMORY_H 1
#define HAVE_STRINGS_H 1
#define HAVE_INTTYPES_H 1
#define HAVE_STDINT_H 1
#define HAVE_UNISTD_H 1
#define HAVE_DLFCN_H 1
#define LT_OBJDIR ".libs/"

configure: exit 0
